<?xml version="1.0" encoding="UTF-8"?>
<testsuite xmlns:xsi="http://www.w3.org/2001/XMLSchema-instance" xsi:noNamespaceSchemaLocation="https://maven.apache.org/surefire/maven-surefire-plugin/xsd/surefire-test-report-3.0.xsd" version="3.0" name="com.example.estoque.controller.FornecedorControllerTest" time="32.855" tests="5" errors="1" skipped="0" failures="0">
  <properties>
[...]
</properties>
  <testcase name="testDeleteFornecedor" classname="com.example.estoque.controller.FornecedorControllerTest" time="0.343">
    <error message="Request processing failed: java.lang.NullPointerException: Cannot invoke &quot;java.util.Optional.isPresent()&quot; because the return value of &quot;com.example.estoque.service.FornecedorService.getFornecedorById(java.util.UUID)&quot; is null" type="jakarta.servlet.ServletException"><![CDATA[jakarta.servlet.ServletException: Request processing failed: java.lang.NullPointerException: Cannot invoke "java.util.Optional.isPresent()" because the return value of "com.example.estoque.service.FornecedorService.getFornecedorById(java.util.UUID)" is null
	at org.springframework.web.servlet.FrameworkServlet.processRequest(FrameworkServlet.java:1022)
	at org.springframework.web.servlet.FrameworkServlet.doDelete(FrameworkServlet.java:936)
	at jakarta.servlet.http.HttpServlet.service(HttpServlet.java:596)
	at org.springframework.web.servlet.FrameworkServlet.service(FrameworkServlet.java:885)
	at org.springframework.test.web.servlet.TestDispatcherServlet.service(TestDispatcherServlet.java:72)
	at jakarta.servlet.http.HttpServlet.service(HttpServlet.java:658)
	at org.springframework.mock.web.MockFilterChain$ServletFilterProxy.doFilter(MockFilterChain.java:165)
	at org.springframework.mock.web.MockFilterChain.doFilter(MockFilterChain.java:132)
	at org.springframework.web.filter.RequestContextFilter.doFilterInternal(RequestContextFilter.java:100)
	at org.springframework.web.filter.OncePerRequestFilter.doFilter(OncePerRequestFilter.java:116)
	at org.springframework.test.web.servlet.setup.MockMvcFilterDecorator.doFilter(MockMvcFilterDecorator.java:151)
	at org.springframework.mock.web.MockFilterChain.doFilter(MockFilterChain.java:132)
	at org.springframework.web.filter.FormContentFilter.doFilterInternal(FormContentFilter.java:93)
	at org.springframework.web.filter.OncePerRequestFilter.doFilter(OncePerRequestFilter.java:116)
	at org.springframework.test.web.servlet.setup.MockMvcFilterDecorator.doFilter(MockMvcFilterDecorator.java:151)
	at org.springframework.mock.web.MockFilterChain.doFilter(MockFilterChain.java:132)
	at org.springframework.web.filter.CharacterEncodingFilter.doFilterInternal(CharacterEncodingFilter.java:201)
	at org.springframework.web.filter.OncePerRequestFilter.doFilter(OncePerRequestFilter.java:116)
	at org.springframework.test.web.servlet.setup.MockMvcFilterDecorator.doFilter(MockMvcFilterDecorator.java:151)
	at org.springframework.mock.web.MockFilterChain.doFilter(MockFilterChain.java:132)
	at org.springframework.test.web.servlet.MockMvc.perform(MockMvc.java:201)
	at com.example.estoque.controller.FornecedorControllerTest.testDeleteFornecedor(FornecedorControllerTest.java:147)
	at java.base/java.lang.reflect.Method.invoke(Method.java:568)
	at java.base/java.util.ArrayList.forEach(ArrayList.java:1511)
	at java.base/java.util.ArrayList.forEach(ArrayList.java:1511)
Caused by: java.lang.NullPointerException: Cannot invoke "java.util.Optional.isPresent()" because the return value of "com.example.estoque.service.FornecedorService.getFornecedorById(java.util.UUID)" is null
	at com.example.estoque.controller.FornecedorController.deleteFornecedor(FornecedorController.java:59)
	at java.base/jdk.internal.reflect.NativeMethodAccessorImpl.invoke0(Native Method)
	at java.base/jdk.internal.reflect.NativeMethodAccessorImpl.invoke(NativeMethodAccessorImpl.java:77)
	at java.base/jdk.internal.reflect.DelegatingMethodAccessorImpl.invoke(DelegatingMethodAccessorImpl.java:43)
	at java.base/java.lang.reflect.Method.invoke(Method.java:568)
	at org.springframework.web.method.support.InvocableHandlerMethod.doInvoke(InvocableHandlerMethod.java:255)
	at org.springframework.web.method.support.InvocableHandlerMethod.invokeForRequest(InvocableHandlerMethod.java:188)
	at org.springframework.web.servlet.mvc.method.annotation.ServletInvocableHandlerMethod.invokeAndHandle(ServletInvocableHandlerMethod.java:118)
	at org.springframework.web.servlet.mvc.method.annotation.RequestMappingHandlerAdapter.invokeHandlerMethod(RequestMappingHandlerAdapter.java:926)
	at org.springframework.web.servlet.mvc.method.annotation.RequestMappingHandlerAdapter.handleInternal(RequestMappingHandlerAdapter.java:831)
	at org.springframework.web.servlet.mvc.method.AbstractHandlerMethodAdapter.handle(AbstractHandlerMethodAdapter.java:87)
	at org.springframework.web.servlet.DispatcherServlet.doDispatch(DispatcherServlet.java:1089)
	at org.springframework.web.servlet.DispatcherServlet.doService(DispatcherServlet.java:979)
	at org.springframework.web.servlet.FrameworkServlet.processRequest(FrameworkServlet.java:1014)
	... 24 more
]]></error>
    <system-out><![CDATA[19:31:02.477 [main] INFO org.springframework.test.context.support.AnnotationConfigContextLoaderUtils -- Could not detect default configuration classes for test class [com.example.estoque.controller.FornecedorControllerTest]: FornecedorControllerTest does not declare any static, non-private, non-final, nested classes annotated with @Configuration.
19:31:02.635 [main] INFO org.springframework.boot.test.context.SpringBootTestContextBootstrapper -- Found @SpringBootConfiguration com.example.estoque.EstoqueApplication for test class com.example.estoque.controller.FornecedorControllerTest

  .   ____          _            __ _ _
 /\\ / ___'_ __ _ _(_)_ __  __ _ \ \ \ \
( ( )\___ | '_ | '_| | '_ \/ _` | \ \ \ \
 \\/  ___)| |_)| | | | | || (_| |  ) ) ) )
  '  |____| .__|_| |_|_| |_\__, | / / / /
 =========|_|==============|___/=/_/_/_/

 :: Spring Boot ::                (v3.3.1)

2024-07-10T19:31:03.288-03:00  INFO 22024 --- [estoque] [           main] c.e.e.c.FornecedorControllerTest         : Starting FornecedorControllerTest using Java 17.0.7 with PID 22024 (started by gustavo.vasconcelos in C:\Users\gustavo.vasconcelos\Documents\estoque)
2024-07-10T19:31:03.289-03:00  INFO 22024 --- [estoque] [           main] c.e.e.c.FornecedorControllerTest         : No active profile set, falling back to 1 default profile: "default"
2024-07-10T19:31:04.209-03:00  INFO 22024 --- [estoque] [           main] .s.d.r.c.RepositoryConfigurationDelegate : Bootstrapping Spring Data JPA repositories in DEFAULT mode.
2024-07-10T19:31:04.280-03:00  INFO 22024 --- [estoque] [           main] .s.d.r.c.RepositoryConfigurationDelegate : Finished Spring Data repository scanning in 61 ms. Found 2 JPA repository interfaces.
2024-07-10T19:31:05.061-03:00  INFO 22024 --- [estoque] [           main] com.zaxxer.hikari.HikariDataSource       : HikariPool-1 - Starting...
2024-07-10T19:31:05.424-03:00  INFO 22024 --- [estoque] [           main] com.zaxxer.hikari.pool.HikariPool        : HikariPool-1 - Added connection org.postgresql.jdbc.PgConnection@62e73ab6
2024-07-10T19:31:05.427-03:00  INFO 22024 --- [estoque] [           main] com.zaxxer.hikari.HikariDataSource       : HikariPool-1 - Start completed.
2024-07-10T19:31:05.464-03:00  INFO 22024 --- [estoque] [           main] org.flywaydb.core.FlywayExecutor         : Database: jdbc:postgresql://localhost:5432/estoque (PostgreSQL 16.3)
2024-07-10T19:31:05.537-03:00  INFO 22024 --- [estoque] [           main] o.f.core.internal.command.DbValidate     : Successfully validated 2 migrations (execution time 00:00.044s)
2024-07-10T19:31:05.665-03:00  INFO 22024 --- [estoque] [           main] o.f.core.internal.command.DbMigrate      : Current version of schema "public": 1
2024-07-10T19:31:05.668-03:00  INFO 22024 --- [estoque] [           main] o.f.core.internal.command.DbMigrate      : Schema "public" is up to date. No migration necessary.
2024-07-10T19:31:05.828-03:00  INFO 22024 --- [estoque] [           main] o.hibernate.jpa.internal.util.LogHelper  : HHH000204: Processing PersistenceUnitInfo [name: default]
2024-07-10T19:31:05.943-03:00  INFO 22024 --- [estoque] [           main] org.hibernate.Version                    : HHH000412: Hibernate ORM core version 6.5.2.Final
2024-07-10T19:31:06.026-03:00  INFO 22024 --- [estoque] [           main] o.h.c.internal.RegionFactoryInitiator    : HHH000026: Second-level cache disabled
2024-07-10T19:31:06.728-03:00  INFO 22024 --- [estoque] [           main] o.s.o.j.p.SpringPersistenceUnitInfo      : No LoadTimeWeaver setup: ignoring JPA class transformer
2024-07-10T19:31:06.816-03:00  WARN 22024 --- [estoque] [           main] org.hibernate.orm.deprecation            : HHH90000025: PostgreSQLDialect does not need to be specified explicitly using 'hibernate.dialect' (remove the property setting and it will be selected by default)
2024-07-10T19:31:07.818-03:00  INFO 22024 --- [estoque] [           main] o.h.e.t.j.p.i.JtaPlatformInitiator       : HHH000489: No JTA platform available (set 'hibernate.transaction.jta.platform' to enable JTA platform integration)
2024-07-10T19:31:07.858-03:00  INFO 22024 --- [estoque] [           main] j.LocalContainerEntityManagerFactoryBean : Initialized JPA EntityManagerFactory for persistence unit 'default'
2024-07-10T19:31:31.862-03:00  WARN 22024 --- [estoque] [           main] JpaBaseConfiguration$JpaWebConfiguration : spring.jpa.open-in-view is enabled by default. Therefore, database queries may be performed during view rendering. Explicitly configure spring.jpa.open-in-view to disable this warning
2024-07-10T19:31:32.601-03:00  INFO 22024 --- [estoque] [           main] o.s.b.t.m.w.SpringBootMockServletContext : Initializing Spring TestDispatcherServlet ''
2024-07-10T19:31:32.602-03:00  INFO 22024 --- [estoque] [           main] o.s.t.web.servlet.TestDispatcherServlet  : Initializing Servlet ''
2024-07-10T19:31:32.605-03:00  INFO 22024 --- [estoque] [           main] o.s.t.web.servlet.TestDispatcherServlet  : Completed initialization in 3 ms
2024-07-10T19:31:32.636-03:00  INFO 22024 --- [estoque] [           main] c.e.e.c.FornecedorControllerTest         : Started FornecedorControllerTest in 29.624 seconds (process running for 31.209)
Hibernate: select f1_0.id,f1_0.codigo_pais,f1_0.nome from fornecedor f1_0 where f1_0.id=?
]]></system-out>
  </testcase>
  <testcase name="testUpdateFornecedor" classname="com.example.estoque.controller.FornecedorControllerTest" time="1.075">
    <system-out><![CDATA[Hibernate: select f1_0.id,f1_0.codigo_pais,f1_0.nome from fornecedor f1_0 where f1_0.id=?
]]></system-out>
  </testcase>
  <testcase name="testGetCountriesByCodes" classname="com.example.estoque.controller.FornecedorControllerTest" time="0.026"/>
  <testcase name="testGetFornecedorById" classname="com.example.estoque.controller.FornecedorControllerTest" time="0.156">
    <system-out><![CDATA[Hibernate: select f1_0.id,f1_0.codigo_pais,f1_0.nome from fornecedor f1_0 where f1_0.id=?
]]></system-out>
  </testcase>
  <testcase name="testCreateFornecedor" classname="com.example.estoque.controller.FornecedorControllerTest" time="0.05">
    <system-out><![CDATA[Hibernate: insert into fornecedor (codigo_pais,nome,id) values (?,?,?)
]]></system-out>
  </testcase>
</testsuite>